<?xml version="1.0" encoding="UTF-8"?>
<testsuite xmlns:xsi="http://www.w3.org/2001/XMLSchema-instance" xsi:noNamespaceSchemaLocation="https://maven.apache.org/surefire/maven-surefire-plugin/xsd/surefire-test-report-3.0.xsd" version="3.0" name="com.example.myblog.mapper.UserMapperTest" time="2.776" tests="1" errors="0" skipped="0" failures="0">
  <properties>
[...]
</properties>
  <testcase name="reg" classname="com.example.myblog.mapper.UserMapperTest" time="0.841">
    <system-out><![CDATA[13:27:42.134 [main] INFO org.springframework.test.context.support.AnnotationConfigContextLoaderUtils -- Could not detect default configuration classes for test class [com.example.myblog.mapper.UserMapperTest]: UserMapperTest does not declare any static, non-private, non-final, nested classes annotated with @Configuration.
13:27:42.197 [main] INFO org.springframework.boot.test.context.SpringBootTestContextBootstrapper -- Found @SpringBootConfiguration com.example.myblog.MyBlogApplication for test class com.example.myblog.mapper.UserMapperTest
13:27:42.311 [main] INFO org.springframework.boot.devtools.restart.RestartApplicationListener -- Restart disabled due to context in which it is running

  .   ____          _            __ _ _
 /\\ / ___'_ __ _ _(_)_ __  __ _ \ \ \ \
( ( )\___ | '_ | '_| | '_ \/ _` | \ \ \ \
 \\/  ___)| |_)| | | | | || (_| |  ) ) ) )
  '  |____| .__|_| |_|_| |_\__, | / / / /
 =========|_|==============|___/=/_/_/_/
 :: Spring Boot ::                (v3.2.2)

2024-02-06T13:27:42.511+08:00  INFO 7164 --- [           main] c.example.myblog.mapper.UserMapperTest   : Starting UserMapperTest using Java 17.0.10 with PID 7164 (started by jingbiao in D:\Study\TestCode\MyBlog)
2024-02-06T13:27:42.512+08:00  INFO 7164 --- [           main] c.example.myblog.mapper.UserMapperTest   : No active profile set, falling back to 1 default profile: "default"
2024-02-06T13:27:43.947+08:00  INFO 7164 --- [           main] c.example.myblog.mapper.UserMapperTest   : Started UserMapperTest in 1.645 seconds (process running for 2.293)
2024-02-06T13:27:43.986+08:00  INFO 7164 --- [           main] com.zaxxer.hikari.HikariDataSource       : HikariPool-1 - Starting...
2024-02-06T13:27:44.116+08:00  INFO 7164 --- [           main] com.zaxxer.hikari.pool.HikariPool        : HikariPool-1 - Added connection com.mysql.cj.jdbc.ConnectionImpl@2bcda694
2024-02-06T13:27:44.118+08:00  INFO 7164 --- [           main] com.zaxxer.hikari.HikariDataSource       : HikariPool-1 - Start completed.
]]></system-out>
  </testcase>
</testsuite>